This file contains any messages produced by compilers while
running configure, to aid debugging if configure makes a mistake.

It was created by CT-CBN configure 0.1.04b, which was
generated by GNU Autoconf 2.69.  Invocation command line was

  $ ./configure CC=/usr/local/Cellar/gcc/12.2.0/bin/gcc-12 --prefix=/usr/local/

## --------- ##
## Platform. ##
## --------- ##

hostname = MacBook-Air-de-Mireia.local
uname -m = x86_64
uname -r = 21.4.0
uname -s = Darwin
uname -v = Darwin Kernel Version 21.4.0: Fri Mar 18 00:45:05 PDT 2022; root:xnu-8020.101.4~15/RELEASE_X86_64

/usr/bin/uname -p = i386
/bin/uname -X     = unknown

/bin/arch              = unknown
/usr/bin/arch -k       = unknown
/usr/convex/getsysinfo = unknown
/usr/bin/hostinfo      = Mach kernel version:
	 Darwin Kernel Version 21.4.0: Fri Mar 18 00:45:05 PDT 2022; root:xnu-8020.101.4~15/RELEASE_X86_64
Kernel configured for up to 4 processors.
2 processors are physically available.
4 processors are logically available.
Processor type: x86_64h (Intel x86-64h Haswell)
Processors active: 0 1 2 3
Primary memory available: 8.00 gigabytes
Default processor set: 436 tasks, 2474 threads, 4 processors
Load average: 1.57, Mach factor: 2.73
/bin/machine           = unknown
/usr/bin/oslevel       = unknown
/bin/universe          = unknown

PATH: /opt/local/bin
PATH: /opt/local/sbin
PATH: /Users/mireiaandueza/opt/anaconda3/bin
PATH: /Users/mireiaandueza/opt/anaconda3/condabin
PATH: /usr/local/bin
PATH: /usr/bin
PATH: /bin
PATH: /usr/sbin
PATH: /sbin
PATH: /opt/local/bin
PATH: /opt/local/sbin
PATH: /opt/X11/bin
PATH: /Users/mireiaandueza/opt/anaconda3/include
PATH: /Users/mireiaandueza/opt/anaconda3/envs/ngs/include
PATH: /Applications/Xcode.app/Contents/Developer/Toolchains/XcodeDefault.xctoolchain/usr/bin
PATH: /Applications/Xcode.app/Contents/Developer/usr/bin
PATH: /usr/local/Cellar


## ----------- ##
## Core tests. ##
## ----------- ##

configure:2108: checking whether configure should try to set CFLAGS
configure:2116: result: yes
configure:2119: checking whether configure should try to set CPPFLAGS
configure:2127: result: yes
configure:2215: checking for gcc
configure:2242: result: /usr/local/Cellar/gcc/12.2.0/bin/gcc-12
configure:2471: checking for C compiler version
configure:2480: /usr/local/Cellar/gcc/12.2.0/bin/gcc-12 --version >&5
gcc-12 (Homebrew GCC 12.2.0) 12.2.0
Copyright (C) 2022 Free Software Foundation, Inc.
This is free software; see the source for copying conditions.  There is NO
warranty; not even for MERCHANTABILITY or FITNESS FOR A PARTICULAR PURPOSE.

configure:2491: $? = 0
configure:2480: /usr/local/Cellar/gcc/12.2.0/bin/gcc-12 -v >&5
Using built-in specs.
COLLECT_GCC=/usr/local/Cellar/gcc/12.2.0/bin/gcc-12
COLLECT_LTO_WRAPPER=/usr/local/Cellar/gcc/12.2.0/bin/../libexec/gcc/x86_64-apple-darwin21/12/lto-wrapper
Target: x86_64-apple-darwin21
Configured with: ../configure --prefix=/usr/local/opt/gcc --libdir=/usr/local/opt/gcc/lib/gcc/current --disable-nls --enable-checking=release --with-gcc-major-version-only --enable-languages=c,c++,objc,obj-c++,fortran --program-suffix=-12 --with-gmp=/usr/local/opt/gmp --with-mpfr=/usr/local/opt/mpfr --with-mpc=/usr/local/opt/libmpc --with-isl=/usr/local/opt/isl --with-zstd=/usr/local/opt/zstd --with-pkgversion='Homebrew GCC 12.2.0' --with-bugurl=https://github.com/Homebrew/homebrew-core/issues --with-system-zlib --build=x86_64-apple-darwin21 --with-sysroot=/Library/Developer/CommandLineTools/SDKs/MacOSX12.sdk
Thread model: posix
Supported LTO compression algorithms: zlib zstd
gcc version 12.2.0 (Homebrew GCC 12.2.0) 
configure:2491: $? = 0
configure:2480: /usr/local/Cellar/gcc/12.2.0/bin/gcc-12 -V >&5
gcc-12: error: unrecognized command-line option '-V'
gcc-12: fatal error: no input files
compilation terminated.
configure:2491: $? = 1
configure:2480: /usr/local/Cellar/gcc/12.2.0/bin/gcc-12 -qversion >&5
gcc-12: error: unrecognized command-line option '-qversion'; did you mean '--version'?
gcc-12: fatal error: no input files
compilation terminated.
configure:2491: $? = 1
configure:2511: checking whether the C compiler works
configure:2533: /usr/local/Cellar/gcc/12.2.0/bin/gcc-12    conftest.c  >&5
configure:2537: $? = 0
configure:2585: result: yes
configure:2588: checking for C compiler default output file name
configure:2590: result: a.out
configure:2596: checking for suffix of executables
configure:2603: /usr/local/Cellar/gcc/12.2.0/bin/gcc-12 -o conftest    conftest.c  >&5
configure:2607: $? = 0
configure:2629: result: 
configure:2651: checking whether we are cross compiling
configure:2659: /usr/local/Cellar/gcc/12.2.0/bin/gcc-12 -o conftest    conftest.c  >&5
configure:2663: $? = 0
configure:2670: ./conftest
configure:2674: $? = 0
configure:2689: result: no
configure:2694: checking for suffix of object files
configure:2716: /usr/local/Cellar/gcc/12.2.0/bin/gcc-12 -c   conftest.c >&5
configure:2720: $? = 0
configure:2741: result: o
configure:2745: checking whether we are using the GNU C compiler
configure:2764: /usr/local/Cellar/gcc/12.2.0/bin/gcc-12 -c   conftest.c >&5
configure:2764: $? = 0
configure:2773: result: yes
configure:2782: checking whether /usr/local/Cellar/gcc/12.2.0/bin/gcc-12 accepts -g
configure:2802: /usr/local/Cellar/gcc/12.2.0/bin/gcc-12 -c -g  conftest.c >&5
configure:2802: $? = 0
configure:2843: result: yes
configure:2860: checking for /usr/local/Cellar/gcc/12.2.0/bin/gcc-12 option to accept ISO C89
configure:2923: /usr/local/Cellar/gcc/12.2.0/bin/gcc-12  -c -g -O2  conftest.c >&5
configure:2923: $? = 0
configure:2936: result: none needed
configure:2961: checking whether /usr/local/Cellar/gcc/12.2.0/bin/gcc-12 understands -c and -o together
configure:2983: /usr/local/Cellar/gcc/12.2.0/bin/gcc-12 -c conftest.c -o conftest2.o
configure:2986: $? = 0
configure:2983: /usr/local/Cellar/gcc/12.2.0/bin/gcc-12 -c conftest.c -o conftest2.o
configure:2986: $? = 0
configure:2998: result: yes
configure:3016: checking for C compiler vendor
configure:3063: /usr/local/Cellar/gcc/12.2.0/bin/gcc-12 -c -g -O2  conftest.c >&5
conftest.c: In function 'main':
conftest.c:15:9: error: 'thisisanerror' undeclared (first use in this function)
   15 |         thisisanerror;
      |         ^~~~~~~~~~~~~
conftest.c:15:9: note: each undeclared identifier is reported only once for each function it appears in
configure:3063: $? = 1
configure: failed program was:
| /* confdefs.h */
| #define PACKAGE_NAME "CT-CBN"
| #define PACKAGE_TARNAME "ct-cbn"
| #define PACKAGE_VERSION "0.1.04b"
| #define PACKAGE_STRING "CT-CBN 0.1.04b"
| #define PACKAGE_BUGREPORT "niko.beerenwinkel@bsse.ethz.ch"
| #define PACKAGE_URL "https://www.bsse.ethz.ch/cbg/software/ct-cbn.html"
| /* end confdefs.h.  */
| 
| int
| main ()
| {
| 
|       #if !(defined(__ICC) || defined(__ECC) || defined(__INTEL_COMPILER))
|         thisisanerror;
|       #endif
| 
|   ;
|   return 0;
| }
configure:3063: /usr/local/Cellar/gcc/12.2.0/bin/gcc-12 -c -g -O2  conftest.c >&5
conftest.c: In function 'main':
conftest.c:15:9: error: 'thisisanerror' undeclared (first use in this function)
   15 |         thisisanerror;
      |         ^~~~~~~~~~~~~
conftest.c:15:9: note: each undeclared identifier is reported only once for each function it appears in
configure:3063: $? = 1
configure: failed program was:
| /* confdefs.h */
| #define PACKAGE_NAME "CT-CBN"
| #define PACKAGE_TARNAME "ct-cbn"
| #define PACKAGE_VERSION "0.1.04b"
| #define PACKAGE_STRING "CT-CBN 0.1.04b"
| #define PACKAGE_BUGREPORT "niko.beerenwinkel@bsse.ethz.ch"
| #define PACKAGE_URL "https://www.bsse.ethz.ch/cbg/software/ct-cbn.html"
| /* end confdefs.h.  */
| 
| int
| main ()
| {
| 
|       #if !(defined(__xlc__) || defined(__xlC__) || defined(__IBMC__) || defined(__IBMCPP__))
|         thisisanerror;
|       #endif
| 
|   ;
|   return 0;
| }
configure:3063: /usr/local/Cellar/gcc/12.2.0/bin/gcc-12 -c -g -O2  conftest.c >&5
conftest.c: In function 'main':
conftest.c:15:9: error: 'thisisanerror' undeclared (first use in this function)
   15 |         thisisanerror;
      |         ^~~~~~~~~~~~~
conftest.c:15:9: note: each undeclared identifier is reported only once for each function it appears in
configure:3063: $? = 1
configure: failed program was:
| /* confdefs.h */
| #define PACKAGE_NAME "CT-CBN"
| #define PACKAGE_TARNAME "ct-cbn"
| #define PACKAGE_VERSION "0.1.04b"
| #define PACKAGE_STRING "CT-CBN 0.1.04b"
| #define PACKAGE_BUGREPORT "niko.beerenwinkel@bsse.ethz.ch"
| #define PACKAGE_URL "https://www.bsse.ethz.ch/cbg/software/ct-cbn.html"
| /* end confdefs.h.  */
| 
| int
| main ()
| {
| 
|       #if !(defined(__PATHCC__) || defined(__PATHSCALE__))
|         thisisanerror;
|       #endif
| 
|   ;
|   return 0;
| }
configure:3063: /usr/local/Cellar/gcc/12.2.0/bin/gcc-12 -c -g -O2  conftest.c >&5
conftest.c: In function 'main':
conftest.c:15:9: error: 'thisisanerror' undeclared (first use in this function)
   15 |         thisisanerror;
      |         ^~~~~~~~~~~~~
conftest.c:15:9: note: each undeclared identifier is reported only once for each function it appears in
configure:3063: $? = 1
configure: failed program was:
| /* confdefs.h */
| #define PACKAGE_NAME "CT-CBN"
| #define PACKAGE_TARNAME "ct-cbn"
| #define PACKAGE_VERSION "0.1.04b"
| #define PACKAGE_STRING "CT-CBN 0.1.04b"
| #define PACKAGE_BUGREPORT "niko.beerenwinkel@bsse.ethz.ch"
| #define PACKAGE_URL "https://www.bsse.ethz.ch/cbg/software/ct-cbn.html"
| /* end confdefs.h.  */
| 
| int
| main ()
| {
| 
|       #if !(defined(__clang__))
|         thisisanerror;
|       #endif
| 
|   ;
|   return 0;
| }
configure:3063: /usr/local/Cellar/gcc/12.2.0/bin/gcc-12 -c -g -O2  conftest.c >&5
conftest.c: In function 'main':
conftest.c:15:9: error: 'thisisanerror' undeclared (first use in this function)
   15 |         thisisanerror;
      |         ^~~~~~~~~~~~~
conftest.c:15:9: note: each undeclared identifier is reported only once for each function it appears in
configure:3063: $? = 1
configure: failed program was:
| /* confdefs.h */
| #define PACKAGE_NAME "CT-CBN"
| #define PACKAGE_TARNAME "ct-cbn"
| #define PACKAGE_VERSION "0.1.04b"
| #define PACKAGE_STRING "CT-CBN 0.1.04b"
| #define PACKAGE_BUGREPORT "niko.beerenwinkel@bsse.ethz.ch"
| #define PACKAGE_URL "https://www.bsse.ethz.ch/cbg/software/ct-cbn.html"
| /* end confdefs.h.  */
| 
| int
| main ()
| {
| 
|       #if !(defined(_CRAYC))
|         thisisanerror;
|       #endif
| 
|   ;
|   return 0;
| }
configure:3063: /usr/local/Cellar/gcc/12.2.0/bin/gcc-12 -c -g -O2  conftest.c >&5
conftest.c: In function 'main':
conftest.c:15:9: error: 'thisisanerror' undeclared (first use in this function)
   15 |         thisisanerror;
      |         ^~~~~~~~~~~~~
conftest.c:15:9: note: each undeclared identifier is reported only once for each function it appears in
configure:3063: $? = 1
configure: failed program was:
| /* confdefs.h */
| #define PACKAGE_NAME "CT-CBN"
| #define PACKAGE_TARNAME "ct-cbn"
| #define PACKAGE_VERSION "0.1.04b"
| #define PACKAGE_STRING "CT-CBN 0.1.04b"
| #define PACKAGE_BUGREPORT "niko.beerenwinkel@bsse.ethz.ch"
| #define PACKAGE_URL "https://www.bsse.ethz.ch/cbg/software/ct-cbn.html"
| /* end confdefs.h.  */
| 
| int
| main ()
| {
| 
|       #if !(defined(__FUJITSU))
|         thisisanerror;
|       #endif
| 
|   ;
|   return 0;
| }
configure:3063: /usr/local/Cellar/gcc/12.2.0/bin/gcc-12 -c -g -O2  conftest.c >&5
configure:3063: $? = 0
configure:3071: result: gnu
configure:3074: checking for a sed that does not truncate output
configure:3138: result: /usr/bin/sed
configure:3145: checking for C compiler version
configure:3367: /usr/local/Cellar/gcc/12.2.0/bin/gcc-12 -o conftest -g -O2   conftest.c  >&5
configure:3367: $? = 0
configure:3367: ./conftest
configure:3367: $? = 0
configure:3376: /usr/local/Cellar/gcc/12.2.0/bin/gcc-12 -o conftest -g -O2   conftest.c  >&5
configure:3376: $? = 0
configure:3376: ./conftest
configure:3376: $? = 0
configure:3385: /usr/local/Cellar/gcc/12.2.0/bin/gcc-12 -o conftest -g -O2   conftest.c  >&5
configure:3385: $? = 0
configure:3385: ./conftest
configure:3385: $? = 0
configure:4050: result: 12.2.0
configure:4053: checking for a sed that does not truncate output
configure:4117: result: /usr/bin/sed
configure:4134: checking whether C compiler accepts -O2
configure:4153: /usr/local/Cellar/gcc/12.2.0/bin/gcc-12 -c   -O2  conftest.c >&5
configure:4153: $? = 0
configure:4162: result: yes
configure:4178: : CFLAGS="$CFLAGS"
configure:4181: $? = 0
configure:4134: checking whether C compiler accepts -Wall
configure:4153: /usr/local/Cellar/gcc/12.2.0/bin/gcc-12 -c  -O2  -Wall  conftest.c >&5
configure:4153: $? = 0
configure:4162: result: yes
configure:4178: : CFLAGS="$CFLAGS"
configure:4181: $? = 0
configure:4217: checking whether C compiler accepts -DNDEBUG
configure:4236: /usr/local/Cellar/gcc/12.2.0/bin/gcc-12 -c -O2 -Wall  -DNDEBUG  conftest.c >&5
configure:4236: $? = 0
configure:4245: result: yes
configure:4261: : CPPFLAGS="$CPPFLAGS"
configure:4264: $? = 0
configure:4309: checking for a BSD-compatible install
configure:4377: result: /usr/local/bin/ginstall -c
configure:4388: checking whether build environment is sane
configure:4443: result: yes
configure:4591: checking for a thread-safe mkdir -p
configure:4630: result: /usr/local/bin/gmkdir -p
configure:4637: checking for gawk
configure:4667: result: no
configure:4637: checking for mawk
configure:4667: result: no
configure:4637: checking for nawk
configure:4667: result: no
configure:4637: checking for awk
configure:4653: found /usr/bin/awk
configure:4664: result: awk
configure:4675: checking whether make sets $(MAKE)
configure:4697: result: yes
configure:4727: checking for style of include used by make
configure:4755: result: GNU
configure:4789: checking whether make supports nested variables
configure:4806: result: yes
configure:4891: checking dependency style of /usr/local/Cellar/gcc/12.2.0/bin/gcc-12
configure:5002: result: gcc3
configure:5071: checking for /usr/local/Cellar/gcc/12.2.0/bin/gcc-12 option to support OpenMP
configure:5086: /usr/local/Cellar/gcc/12.2.0/bin/gcc-12 -o conftest -O2 -Wall -DNDEBUG  conftest.c  >&5
conftest.c:13:2: error: unknown type name 'choke'
   13 |  choke me
      |  ^~~~~
conftest.c:13:10: error: expected ';' before 'typedef'
   13 |  choke me
      |          ^
      |          ;
configure:5086: $? = 1
configure: failed program was:
| /* confdefs.h */
| #define PACKAGE_NAME "CT-CBN"
| #define PACKAGE_TARNAME "ct-cbn"
| #define PACKAGE_VERSION "0.1.04b"
| #define PACKAGE_STRING "CT-CBN 0.1.04b"
| #define PACKAGE_BUGREPORT "niko.beerenwinkel@bsse.ethz.ch"
| #define PACKAGE_URL "https://www.bsse.ethz.ch/cbg/software/ct-cbn.html"
| #define PACKAGE "ct-cbn"
| #define VERSION "0.1.04b"
| /* end confdefs.h.  */
| 
| #ifndef _OPENMP
|  choke me
| #endif
| #include <omp.h>
| int main () { return omp_get_num_threads (); }
| 
configure:5104: /usr/local/Cellar/gcc/12.2.0/bin/gcc-12 -o conftest -O2 -Wall -fopenmp -DNDEBUG  conftest.c  >&5
configure:5104: $? = 0
configure:5118: result: -fopenmp
configure:5183: checking for pkg-config
configure:5201: found /usr/local/bin/pkg-config
configure:5213: result: /usr/local/bin/pkg-config
configure:5238: checking pkg-config is at least version 0.9.0
configure:5241: result: yes
configure:5251: checking for GSL
configure:5258: $PKG_CONFIG --exists --print-errors "gsl"
configure:5261: $? = 0
configure:5275: $PKG_CONFIG --exists --print-errors "gsl"
configure:5278: $? = 0
configure:5336: result: yes
configure:5490: checking that generated files are newer than configure
configure:5496: result: done
configure:5519: creating ./config.status

## ---------------------- ##
## Running config.status. ##
## ---------------------- ##

This file was extended by CT-CBN config.status 0.1.04b, which was
generated by GNU Autoconf 2.69.  Invocation command line was

  CONFIG_FILES    = 
  CONFIG_HEADERS  = 
  CONFIG_LINKS    = 
  CONFIG_COMMANDS = 
  $ ./config.status 

on MacBook-Air-de-Mireia.local

config.status:780: creating Makefile
config.status:952: executing depfiles commands
configure:6660: result:
	CT-CBN 0.1.04b
	Using gnu, 12.2.0

	CC:       /usr/local/Cellar/gcc/12.2.0/bin/gcc-12
	CFLAGS:   -O2 -Wall
	CPPFLAGS: -DNDEBUG
	LDFLAGS:  


## ---------------- ##
## Cache variables. ##
## ---------------- ##

ac_cv_c_compiler_gnu=yes
ac_cv_env_CC_set=set
ac_cv_env_CC_value=/usr/local/Cellar/gcc/12.2.0/bin/gcc-12
ac_cv_env_CFLAGS_set=
ac_cv_env_CFLAGS_value=
ac_cv_env_CPPFLAGS_set=
ac_cv_env_CPPFLAGS_value=
ac_cv_env_GSL_CFLAGS_set=
ac_cv_env_GSL_CFLAGS_value=
ac_cv_env_GSL_LIBS_set=
ac_cv_env_GSL_LIBS_value=
ac_cv_env_LDFLAGS_set=
ac_cv_env_LDFLAGS_value=
ac_cv_env_LIBS_set=
ac_cv_env_LIBS_value=
ac_cv_env_PKG_CONFIG_LIBDIR_set=
ac_cv_env_PKG_CONFIG_LIBDIR_value=
ac_cv_env_PKG_CONFIG_PATH_set=
ac_cv_env_PKG_CONFIG_PATH_value=
ac_cv_env_PKG_CONFIG_set=
ac_cv_env_PKG_CONFIG_value=
ac_cv_env_build_alias_set=
ac_cv_env_build_alias_value=
ac_cv_env_host_alias_set=
ac_cv_env_host_alias_value=
ac_cv_env_target_alias_set=
ac_cv_env_target_alias_value=
ac_cv_objext=o
ac_cv_path_SED=/usr/bin/sed
ac_cv_path_ac_pt_PKG_CONFIG=/usr/local/bin/pkg-config
ac_cv_path_install='/usr/local/bin/ginstall -c'
ac_cv_path_mkdir=/usr/local/bin/gmkdir
ac_cv_prog_AWK=awk
ac_cv_prog_ac_ct_CC=/usr/local/Cellar/gcc/12.2.0/bin/gcc-12
ac_cv_prog_c_openmp=-fopenmp
ac_cv_prog_cc_c89=
ac_cv_prog_cc_g=yes
ac_cv_prog_make_make_set=yes
am_cv_CC_dependencies_compiler_type=gcc3
am_cv_make_support_nested_variables=yes
am_cv_prog_cc_c_o=yes
ax_cv_c_compiler_vendor=gnu
ax_cv_c_compiler_version=12.2.0
ax_cv_check_cflags___DNDEBUG=yes
ax_cv_check_cflags___O2=yes
ax_cv_check_cflags___Wall=yes
pkg_cv_GSL_CFLAGS=-I/usr/local/Cellar/gsl/2.7.1/include
pkg_cv_GSL_LIBS='-L/usr/local/Cellar/gsl/2.7.1/lib -lgsl -lgslcblas -lm'

## ----------------- ##
## Output variables. ##
## ----------------- ##

ACLOCAL='${SHELL} /Users/mireiaandueza/Desktop/MASTER_BIOINFOR/PROGRAMACION_Y_ESTADICTICA_CON_R/TRABAJO/EvAM-Tools/ct-cbn-0.1.04b-RDU/missing aclocal-1.15'
AMDEPBACKSLASH='\'
AMDEP_FALSE='#'
AMDEP_TRUE=''
AMTAR='$${TAR-tar}'
AM_BACKSLASH='\'
AM_DEFAULT_V='$(AM_DEFAULT_VERBOSITY)'
AM_DEFAULT_VERBOSITY='1'
AM_V='$(V)'
AUTOCONF='${SHELL} /Users/mireiaandueza/Desktop/MASTER_BIOINFOR/PROGRAMACION_Y_ESTADICTICA_CON_R/TRABAJO/EvAM-Tools/ct-cbn-0.1.04b-RDU/missing autoconf'
AUTOHEADER='${SHELL} /Users/mireiaandueza/Desktop/MASTER_BIOINFOR/PROGRAMACION_Y_ESTADICTICA_CON_R/TRABAJO/EvAM-Tools/ct-cbn-0.1.04b-RDU/missing autoheader'
AUTOMAKE='${SHELL} /Users/mireiaandueza/Desktop/MASTER_BIOINFOR/PROGRAMACION_Y_ESTADICTICA_CON_R/TRABAJO/EvAM-Tools/ct-cbn-0.1.04b-RDU/missing automake-1.15'
AWK='awk'
CC='/usr/local/Cellar/gcc/12.2.0/bin/gcc-12'
CCDEPMODE='depmode=gcc3'
CFLAGS='-O2 -Wall'
CPPFLAGS='-DNDEBUG'
CYGPATH_W='echo'
DEFS='-DPACKAGE_NAME=\"CT-CBN\" -DPACKAGE_TARNAME=\"ct-cbn\" -DPACKAGE_VERSION=\"0.1.04b\" -DPACKAGE_STRING=\"CT-CBN\ 0.1.04b\" -DPACKAGE_BUGREPORT=\"niko.beerenwinkel@bsse.ethz.ch\" -DPACKAGE_URL=\"https://www.bsse.ethz.ch/cbg/software/ct-cbn.html\" -DPACKAGE=\"ct-cbn\" -DVERSION=\"0.1.04b\"'
DEPDIR='.deps'
ECHO_C='\c'
ECHO_N=''
ECHO_T=''
EXEEXT=''
GSL_CFLAGS='-I/usr/local/Cellar/gsl/2.7.1/include'
GSL_LIBS='-L/usr/local/Cellar/gsl/2.7.1/lib -lgsl -lgslcblas -lm'
INSTALL_DATA='${INSTALL} -m 644'
INSTALL_PROGRAM='${INSTALL}'
INSTALL_SCRIPT='${INSTALL}'
INSTALL_STRIP_PROGRAM='$(install_sh) -c -s'
LDFLAGS=''
LIBOBJS=''
LIBS=''
LTLIBOBJS=''
MAKEINFO='${SHELL} /Users/mireiaandueza/Desktop/MASTER_BIOINFOR/PROGRAMACION_Y_ESTADICTICA_CON_R/TRABAJO/EvAM-Tools/ct-cbn-0.1.04b-RDU/missing makeinfo'
MKDIR_P='/usr/local/bin/gmkdir -p'
OBJEXT='o'
OPENMP_CFLAGS='-fopenmp'
PACKAGE='ct-cbn'
PACKAGE_BUGREPORT='niko.beerenwinkel@bsse.ethz.ch'
PACKAGE_NAME='CT-CBN'
PACKAGE_STRING='CT-CBN 0.1.04b'
PACKAGE_TARNAME='ct-cbn'
PACKAGE_URL='https://www.bsse.ethz.ch/cbg/software/ct-cbn.html'
PACKAGE_VERSION='0.1.04b'
PATH_SEPARATOR=':'
PKG_CONFIG='/usr/local/bin/pkg-config'
PKG_CONFIG_LIBDIR=''
PKG_CONFIG_PATH=''
SED='/usr/bin/sed'
SET_MAKE=''
SHELL='/bin/sh'
STRIP=''
VERSION='0.1.04b'
ac_ct_CC='/usr/local/Cellar/gcc/12.2.0/bin/gcc-12'
am__EXEEXT_FALSE=''
am__EXEEXT_TRUE='#'
am__fastdepCC_FALSE='#'
am__fastdepCC_TRUE=''
am__include='include'
am__isrc=''
am__leading_dot='.'
am__nodep='_no'
am__quote=''
am__tar='$${TAR-tar} chof - "$$tardir"'
am__untar='$${TAR-tar} xf -'
bindir='${exec_prefix}/bin'
build_alias=''
datadir='${datarootdir}'
datarootdir='${prefix}/share'
docdir='${datarootdir}/doc/${PACKAGE_TARNAME}'
dvidir='${docdir}'
exec_prefix='${prefix}'
host_alias=''
htmldir='${docdir}'
includedir='${prefix}/include'
infodir='${datarootdir}/info'
install_sh='${SHELL} /Users/mireiaandueza/Desktop/MASTER_BIOINFOR/PROGRAMACION_Y_ESTADICTICA_CON_R/TRABAJO/EvAM-Tools/ct-cbn-0.1.04b-RDU/install-sh'
libdir='${exec_prefix}/lib'
libexecdir='${exec_prefix}/libexec'
localedir='${datarootdir}/locale'
localstatedir='${prefix}/var'
mandir='${datarootdir}/man'
mkdir_p='$(MKDIR_P)'
oldincludedir='/usr/include'
pdfdir='${docdir}'
prefix='/usr/local'
program_transform_name='s,x,x,'
psdir='${docdir}'
sbindir='${exec_prefix}/sbin'
sharedstatedir='${prefix}/com'
sysconfdir='${prefix}/etc'
target_alias=''

## ----------- ##
## confdefs.h. ##
## ----------- ##

/* confdefs.h */
#define PACKAGE_NAME "CT-CBN"
#define PACKAGE_TARNAME "ct-cbn"
#define PACKAGE_VERSION "0.1.04b"
#define PACKAGE_STRING "CT-CBN 0.1.04b"
#define PACKAGE_BUGREPORT "niko.beerenwinkel@bsse.ethz.ch"
#define PACKAGE_URL "https://www.bsse.ethz.ch/cbg/software/ct-cbn.html"
#define PACKAGE "ct-cbn"
#define VERSION "0.1.04b"

configure: exit 0
